ERROR - 2025-04-16 00:34:28 --> mysqli_sql_exception: Table 'bd2025.user' doesn't exist in /Applications/MAMP/htdocs/crud2025/system/Database/MySQLi/Connection.php:327
Stack trace:
#0 /Applications/MAMP/htdocs/crud2025/system/Database/MySQLi/Connection.php(327): mysqli->query('select * from u...', 0)
#1 /Applications/MAMP/htdocs/crud2025/system/Database/BaseConnection.php(738): CodeIgniter\Database\MySQLi\Connection->execute('select * from u...')
#2 /Applications/MAMP/htdocs/crud2025/system/Database/BaseConnection.php(652): CodeIgniter\Database\BaseConnection->simpleQuery('select * from u...')
#3 /Applications/MAMP/htdocs/crud2025/app/Models/Modelo.php(38): CodeIgniter\Database\BaseConnection->query('select * from u...')
#4 /Applications/MAMP/htdocs/crud2025/app/Controllers/Home.php(97): App\Models\Modelo->mostrarusuario()
#5 /Applications/MAMP/htdocs/crud2025/system/CodeIgniter.php(933): App\Controllers\Home->mostrarusuarios()
#6 /Applications/MAMP/htdocs/crud2025/system/CodeIgniter.php(507): CodeIgniter\CodeIgniter->runController(Object(App\Controllers\Home))
#7 /Applications/MAMP/htdocs/crud2025/system/CodeIgniter.php(354): CodeIgniter\CodeIgniter->handleRequest(NULL, Object(Config\Cache), false)
#8 /Applications/MAMP/htdocs/crud2025/system/Boot.php(334): CodeIgniter\CodeIgniter->run()
#9 /Applications/MAMP/htdocs/crud2025/system/Boot.php(67): CodeIgniter\Boot::runCodeIgniter(Object(CodeIgniter\CodeIgniter))
#10 /Applications/MAMP/htdocs/crud2025/index.php(56): CodeIgniter\Boot::bootWeb(Object(Config\Paths))
#11 {main}
CRITICAL - 2025-04-16 00:34:28 --> CodeIgniter\Database\Exceptions\DatabaseException: Table 'bd2025.user' doesn't exist
[Method: GET, Route: mostrarusuarios]
in SYSTEMPATH/Database/BaseConnection.php on line 692.
 1 APPPATH/Models/Modelo.php(38): CodeIgniter\Database\BaseConnection->query('select * from user')
 2 APPPATH/Controllers/Home.php(97): App\Models\Modelo->mostrarusuario()
 3 SYSTEMPATH/CodeIgniter.php(933): App\Controllers\Home->mostrarusuarios()
 4 SYSTEMPATH/CodeIgniter.php(507): CodeIgniter\CodeIgniter->runController(Object(App\Controllers\Home))
 5 SYSTEMPATH/CodeIgniter.php(354): CodeIgniter\CodeIgniter->handleRequest(null, Object(Config\Cache), false)
 6 SYSTEMPATH/Boot.php(334): CodeIgniter\CodeIgniter->run()
 7 SYSTEMPATH/Boot.php(67): CodeIgniter\Boot::runCodeIgniter(Object(CodeIgniter\CodeIgniter))
 8 FCPATH/index.php(56): CodeIgniter\Boot::bootWeb(Object(Config\Paths))
CRITICAL - 2025-04-16 00:34:28 --> [Caused by] CodeIgniter\Database\Exceptions\DatabaseException: Table 'bd2025.user' doesn't exist
in SYSTEMPATH/Database/MySQLi/Connection.php on line 332.
 1 SYSTEMPATH/Database/BaseConnection.php(738): CodeIgniter\Database\MySQLi\Connection->execute('select * from user')
 2 SYSTEMPATH/Database/BaseConnection.php(652): CodeIgniter\Database\BaseConnection->simpleQuery('select * from user')
 3 APPPATH/Models/Modelo.php(38): CodeIgniter\Database\BaseConnection->query('select * from user')
 4 APPPATH/Controllers/Home.php(97): App\Models\Modelo->mostrarusuario()
 5 SYSTEMPATH/CodeIgniter.php(933): App\Controllers\Home->mostrarusuarios()
 6 SYSTEMPATH/CodeIgniter.php(507): CodeIgniter\CodeIgniter->runController(Object(App\Controllers\Home))
 7 SYSTEMPATH/CodeIgniter.php(354): CodeIgniter\CodeIgniter->handleRequest(null, Object(Config\Cache), false)
 8 SYSTEMPATH/Boot.php(334): CodeIgniter\CodeIgniter->run()
 9 SYSTEMPATH/Boot.php(67): CodeIgniter\Boot::runCodeIgniter(Object(CodeIgniter\CodeIgniter))
10 FCPATH/index.php(56): CodeIgniter\Boot::bootWeb(Object(Config\Paths))
CRITICAL - 2025-04-16 00:34:28 --> [Caused by] mysqli_sql_exception: Table 'bd2025.user' doesn't exist
in SYSTEMPATH/Database/MySQLi/Connection.php on line 327.
 1 SYSTEMPATH/Database/MySQLi/Connection.php(327): mysqli->query('select * from user', 0)
 2 SYSTEMPATH/Database/BaseConnection.php(738): CodeIgniter\Database\MySQLi\Connection->execute('select * from user')
 3 SYSTEMPATH/Database/BaseConnection.php(652): CodeIgniter\Database\BaseConnection->simpleQuery('select * from user')
 4 APPPATH/Models/Modelo.php(38): CodeIgniter\Database\BaseConnection->query('select * from user')
 5 APPPATH/Controllers/Home.php(97): App\Models\Modelo->mostrarusuario()
 6 SYSTEMPATH/CodeIgniter.php(933): App\Controllers\Home->mostrarusuarios()
 7 SYSTEMPATH/CodeIgniter.php(507): CodeIgniter\CodeIgniter->runController(Object(App\Controllers\Home))
 8 SYSTEMPATH/CodeIgniter.php(354): CodeIgniter\CodeIgniter->handleRequest(null, Object(Config\Cache), false)
 9 SYSTEMPATH/Boot.php(334): CodeIgniter\CodeIgniter->run()
10 SYSTEMPATH/Boot.php(67): CodeIgniter\Boot::runCodeIgniter(Object(CodeIgniter\CodeIgniter))
11 FCPATH/index.php(56): CodeIgniter\Boot::bootWeb(Object(Config\Paths))
ERROR - 2025-04-16 00:34:53 --> mysqli_sql_exception: Table 'bd2025.user' doesn't exist in /Applications/MAMP/htdocs/crud2025/system/Database/MySQLi/Connection.php:327
Stack trace:
#0 /Applications/MAMP/htdocs/crud2025/system/Database/MySQLi/Connection.php(327): mysqli->query('select * from u...', 0)
#1 /Applications/MAMP/htdocs/crud2025/system/Database/BaseConnection.php(738): CodeIgniter\Database\MySQLi\Connection->execute('select * from u...')
#2 /Applications/MAMP/htdocs/crud2025/system/Database/BaseConnection.php(652): CodeIgniter\Database\BaseConnection->simpleQuery('select * from u...')
#3 /Applications/MAMP/htdocs/crud2025/app/Models/Modelo.php(38): CodeIgniter\Database\BaseConnection->query('select * from u...')
#4 /Applications/MAMP/htdocs/crud2025/app/Controllers/Home.php(97): App\Models\Modelo->mostrarusuario()
#5 /Applications/MAMP/htdocs/crud2025/system/CodeIgniter.php(933): App\Controllers\Home->mostrarusuarios()
#6 /Applications/MAMP/htdocs/crud2025/system/CodeIgniter.php(507): CodeIgniter\CodeIgniter->runController(Object(App\Controllers\Home))
#7 /Applications/MAMP/htdocs/crud2025/system/CodeIgniter.php(354): CodeIgniter\CodeIgniter->handleRequest(NULL, Object(Config\Cache), false)
#8 /Applications/MAMP/htdocs/crud2025/system/Boot.php(334): CodeIgniter\CodeIgniter->run()
#9 /Applications/MAMP/htdocs/crud2025/system/Boot.php(67): CodeIgniter\Boot::runCodeIgniter(Object(CodeIgniter\CodeIgniter))
#10 /Applications/MAMP/htdocs/crud2025/index.php(56): CodeIgniter\Boot::bootWeb(Object(Config\Paths))
#11 {main}
CRITICAL - 2025-04-16 00:34:53 --> CodeIgniter\Database\Exceptions\DatabaseException: Table 'bd2025.user' doesn't exist
[Method: GET, Route: mostrarusuarios]
in SYSTEMPATH/Database/BaseConnection.php on line 692.
 1 APPPATH/Models/Modelo.php(38): CodeIgniter\Database\BaseConnection->query('select * from user')
 2 APPPATH/Controllers/Home.php(97): App\Models\Modelo->mostrarusuario()
 3 SYSTEMPATH/CodeIgniter.php(933): App\Controllers\Home->mostrarusuarios()
 4 SYSTEMPATH/CodeIgniter.php(507): CodeIgniter\CodeIgniter->runController(Object(App\Controllers\Home))
 5 SYSTEMPATH/CodeIgniter.php(354): CodeIgniter\CodeIgniter->handleRequest(null, Object(Config\Cache), false)
 6 SYSTEMPATH/Boot.php(334): CodeIgniter\CodeIgniter->run()
 7 SYSTEMPATH/Boot.php(67): CodeIgniter\Boot::runCodeIgniter(Object(CodeIgniter\CodeIgniter))
 8 FCPATH/index.php(56): CodeIgniter\Boot::bootWeb(Object(Config\Paths))
CRITICAL - 2025-04-16 00:34:53 --> [Caused by] CodeIgniter\Database\Exceptions\DatabaseException: Table 'bd2025.user' doesn't exist
in SYSTEMPATH/Database/MySQLi/Connection.php on line 332.
 1 SYSTEMPATH/Database/BaseConnection.php(738): CodeIgniter\Database\MySQLi\Connection->execute('select * from user')
 2 SYSTEMPATH/Database/BaseConnection.php(652): CodeIgniter\Database\BaseConnection->simpleQuery('select * from user')
 3 APPPATH/Models/Modelo.php(38): CodeIgniter\Database\BaseConnection->query('select * from user')
 4 APPPATH/Controllers/Home.php(97): App\Models\Modelo->mostrarusuario()
 5 SYSTEMPATH/CodeIgniter.php(933): App\Controllers\Home->mostrarusuarios()
 6 SYSTEMPATH/CodeIgniter.php(507): CodeIgniter\CodeIgniter->runController(Object(App\Controllers\Home))
 7 SYSTEMPATH/CodeIgniter.php(354): CodeIgniter\CodeIgniter->handleRequest(null, Object(Config\Cache), false)
 8 SYSTEMPATH/Boot.php(334): CodeIgniter\CodeIgniter->run()
 9 SYSTEMPATH/Boot.php(67): CodeIgniter\Boot::runCodeIgniter(Object(CodeIgniter\CodeIgniter))
10 FCPATH/index.php(56): CodeIgniter\Boot::bootWeb(Object(Config\Paths))
CRITICAL - 2025-04-16 00:34:53 --> [Caused by] mysqli_sql_exception: Table 'bd2025.user' doesn't exist
in SYSTEMPATH/Database/MySQLi/Connection.php on line 327.
 1 SYSTEMPATH/Database/MySQLi/Connection.php(327): mysqli->query('select * from user', 0)
 2 SYSTEMPATH/Database/BaseConnection.php(738): CodeIgniter\Database\MySQLi\Connection->execute('select * from user')
 3 SYSTEMPATH/Database/BaseConnection.php(652): CodeIgniter\Database\BaseConnection->simpleQuery('select * from user')
 4 APPPATH/Models/Modelo.php(38): CodeIgniter\Database\BaseConnection->query('select * from user')
 5 APPPATH/Controllers/Home.php(97): App\Models\Modelo->mostrarusuario()
 6 SYSTEMPATH/CodeIgniter.php(933): App\Controllers\Home->mostrarusuarios()
 7 SYSTEMPATH/CodeIgniter.php(507): CodeIgniter\CodeIgniter->runController(Object(App\Controllers\Home))
 8 SYSTEMPATH/CodeIgniter.php(354): CodeIgniter\CodeIgniter->handleRequest(null, Object(Config\Cache), false)
 9 SYSTEMPATH/Boot.php(334): CodeIgniter\CodeIgniter->run()
10 SYSTEMPATH/Boot.php(67): CodeIgniter\Boot::runCodeIgniter(Object(CodeIgniter\CodeIgniter))
11 FCPATH/index.php(56): CodeIgniter\Boot::bootWeb(Object(Config\Paths))
ERROR - 2025-04-16 00:36:14 --> mysqli_sql_exception: Table 'bd2025.user' doesn't exist in /Applications/MAMP/htdocs/crud2025/system/Database/MySQLi/Connection.php:327
Stack trace:
#0 /Applications/MAMP/htdocs/crud2025/system/Database/MySQLi/Connection.php(327): mysqli->query('select * from u...', 0)
#1 /Applications/MAMP/htdocs/crud2025/system/Database/BaseConnection.php(738): CodeIgniter\Database\MySQLi\Connection->execute('select * from u...')
#2 /Applications/MAMP/htdocs/crud2025/system/Database/BaseConnection.php(652): CodeIgniter\Database\BaseConnection->simpleQuery('select * from u...')
#3 /Applications/MAMP/htdocs/crud2025/app/Models/Modelo.php(38): CodeIgniter\Database\BaseConnection->query('select * from u...')
#4 /Applications/MAMP/htdocs/crud2025/app/Controllers/Home.php(97): App\Models\Modelo->mostrarusuario()
#5 /Applications/MAMP/htdocs/crud2025/system/CodeIgniter.php(933): App\Controllers\Home->mostrarusuarios()
#6 /Applications/MAMP/htdocs/crud2025/system/CodeIgniter.php(507): CodeIgniter\CodeIgniter->runController(Object(App\Controllers\Home))
#7 /Applications/MAMP/htdocs/crud2025/system/CodeIgniter.php(354): CodeIgniter\CodeIgniter->handleRequest(NULL, Object(Config\Cache), false)
#8 /Applications/MAMP/htdocs/crud2025/system/Boot.php(334): CodeIgniter\CodeIgniter->run()
#9 /Applications/MAMP/htdocs/crud2025/system/Boot.php(67): CodeIgniter\Boot::runCodeIgniter(Object(CodeIgniter\CodeIgniter))
#10 /Applications/MAMP/htdocs/crud2025/index.php(56): CodeIgniter\Boot::bootWeb(Object(Config\Paths))
#11 {main}
CRITICAL - 2025-04-16 00:36:14 --> CodeIgniter\Database\Exceptions\DatabaseException: Table 'bd2025.user' doesn't exist
[Method: GET, Route: mostrarusuarios]
in SYSTEMPATH/Database/BaseConnection.php on line 692.
 1 APPPATH/Models/Modelo.php(38): CodeIgniter\Database\BaseConnection->query('select * from user')
 2 APPPATH/Controllers/Home.php(97): App\Models\Modelo->mostrarusuario()
 3 SYSTEMPATH/CodeIgniter.php(933): App\Controllers\Home->mostrarusuarios()
 4 SYSTEMPATH/CodeIgniter.php(507): CodeIgniter\CodeIgniter->runController(Object(App\Controllers\Home))
 5 SYSTEMPATH/CodeIgniter.php(354): CodeIgniter\CodeIgniter->handleRequest(null, Object(Config\Cache), false)
 6 SYSTEMPATH/Boot.php(334): CodeIgniter\CodeIgniter->run()
 7 SYSTEMPATH/Boot.php(67): CodeIgniter\Boot::runCodeIgniter(Object(CodeIgniter\CodeIgniter))
 8 FCPATH/index.php(56): CodeIgniter\Boot::bootWeb(Object(Config\Paths))
CRITICAL - 2025-04-16 00:36:14 --> [Caused by] CodeIgniter\Database\Exceptions\DatabaseException: Table 'bd2025.user' doesn't exist
in SYSTEMPATH/Database/MySQLi/Connection.php on line 332.
 1 SYSTEMPATH/Database/BaseConnection.php(738): CodeIgniter\Database\MySQLi\Connection->execute('select * from user')
 2 SYSTEMPATH/Database/BaseConnection.php(652): CodeIgniter\Database\BaseConnection->simpleQuery('select * from user')
 3 APPPATH/Models/Modelo.php(38): CodeIgniter\Database\BaseConnection->query('select * from user')
 4 APPPATH/Controllers/Home.php(97): App\Models\Modelo->mostrarusuario()
 5 SYSTEMPATH/CodeIgniter.php(933): App\Controllers\Home->mostrarusuarios()
 6 SYSTEMPATH/CodeIgniter.php(507): CodeIgniter\CodeIgniter->runController(Object(App\Controllers\Home))
 7 SYSTEMPATH/CodeIgniter.php(354): CodeIgniter\CodeIgniter->handleRequest(null, Object(Config\Cache), false)
 8 SYSTEMPATH/Boot.php(334): CodeIgniter\CodeIgniter->run()
 9 SYSTEMPATH/Boot.php(67): CodeIgniter\Boot::runCodeIgniter(Object(CodeIgniter\CodeIgniter))
10 FCPATH/index.php(56): CodeIgniter\Boot::bootWeb(Object(Config\Paths))
CRITICAL - 2025-04-16 00:36:14 --> [Caused by] mysqli_sql_exception: Table 'bd2025.user' doesn't exist
in SYSTEMPATH/Database/MySQLi/Connection.php on line 327.
 1 SYSTEMPATH/Database/MySQLi/Connection.php(327): mysqli->query('select * from user', 0)
 2 SYSTEMPATH/Database/BaseConnection.php(738): CodeIgniter\Database\MySQLi\Connection->execute('select * from user')
 3 SYSTEMPATH/Database/BaseConnection.php(652): CodeIgniter\Database\BaseConnection->simpleQuery('select * from user')
 4 APPPATH/Models/Modelo.php(38): CodeIgniter\Database\BaseConnection->query('select * from user')
 5 APPPATH/Controllers/Home.php(97): App\Models\Modelo->mostrarusuario()
 6 SYSTEMPATH/CodeIgniter.php(933): App\Controllers\Home->mostrarusuarios()
 7 SYSTEMPATH/CodeIgniter.php(507): CodeIgniter\CodeIgniter->runController(Object(App\Controllers\Home))
 8 SYSTEMPATH/CodeIgniter.php(354): CodeIgniter\CodeIgniter->handleRequest(null, Object(Config\Cache), false)
 9 SYSTEMPATH/Boot.php(334): CodeIgniter\CodeIgniter->run()
10 SYSTEMPATH/Boot.php(67): CodeIgniter\Boot::runCodeIgniter(Object(CodeIgniter\CodeIgniter))
11 FCPATH/index.php(56): CodeIgniter\Boot::bootWeb(Object(Config\Paths))
ERROR - 2025-04-16 00:36:24 --> mysqli_sql_exception: Table 'bd2025.user' doesn't exist in /Applications/MAMP/htdocs/crud2025/system/Database/MySQLi/Connection.php:327
Stack trace:
#0 /Applications/MAMP/htdocs/crud2025/system/Database/MySQLi/Connection.php(327): mysqli->query('select * from u...', 0)
#1 /Applications/MAMP/htdocs/crud2025/system/Database/BaseConnection.php(738): CodeIgniter\Database\MySQLi\Connection->execute('select * from u...')
#2 /Applications/MAMP/htdocs/crud2025/system/Database/BaseConnection.php(652): CodeIgniter\Database\BaseConnection->simpleQuery('select * from u...')
#3 /Applications/MAMP/htdocs/crud2025/app/Models/Modelo.php(38): CodeIgniter\Database\BaseConnection->query('select * from u...')
#4 /Applications/MAMP/htdocs/crud2025/app/Controllers/Home.php(97): App\Models\Modelo->mostrarusuario()
#5 /Applications/MAMP/htdocs/crud2025/system/CodeIgniter.php(933): App\Controllers\Home->mostrarusuarios()
#6 /Applications/MAMP/htdocs/crud2025/system/CodeIgniter.php(507): CodeIgniter\CodeIgniter->runController(Object(App\Controllers\Home))
#7 /Applications/MAMP/htdocs/crud2025/system/CodeIgniter.php(354): CodeIgniter\CodeIgniter->handleRequest(NULL, Object(Config\Cache), false)
#8 /Applications/MAMP/htdocs/crud2025/system/Boot.php(334): CodeIgniter\CodeIgniter->run()
#9 /Applications/MAMP/htdocs/crud2025/system/Boot.php(67): CodeIgniter\Boot::runCodeIgniter(Object(CodeIgniter\CodeIgniter))
#10 /Applications/MAMP/htdocs/crud2025/index.php(56): CodeIgniter\Boot::bootWeb(Object(Config\Paths))
#11 {main}
CRITICAL - 2025-04-16 00:36:24 --> CodeIgniter\Database\Exceptions\DatabaseException: Table 'bd2025.user' doesn't exist
[Method: GET, Route: mostrarusuarios]
in SYSTEMPATH/Database/BaseConnection.php on line 692.
 1 APPPATH/Models/Modelo.php(38): CodeIgniter\Database\BaseConnection->query('select * from user')
 2 APPPATH/Controllers/Home.php(97): App\Models\Modelo->mostrarusuario()
 3 SYSTEMPATH/CodeIgniter.php(933): App\Controllers\Home->mostrarusuarios()
 4 SYSTEMPATH/CodeIgniter.php(507): CodeIgniter\CodeIgniter->runController(Object(App\Controllers\Home))
 5 SYSTEMPATH/CodeIgniter.php(354): CodeIgniter\CodeIgniter->handleRequest(null, Object(Config\Cache), false)
 6 SYSTEMPATH/Boot.php(334): CodeIgniter\CodeIgniter->run()
 7 SYSTEMPATH/Boot.php(67): CodeIgniter\Boot::runCodeIgniter(Object(CodeIgniter\CodeIgniter))
 8 FCPATH/index.php(56): CodeIgniter\Boot::bootWeb(Object(Config\Paths))
CRITICAL - 2025-04-16 00:36:24 --> [Caused by] CodeIgniter\Database\Exceptions\DatabaseException: Table 'bd2025.user' doesn't exist
in SYSTEMPATH/Database/MySQLi/Connection.php on line 332.
 1 SYSTEMPATH/Database/BaseConnection.php(738): CodeIgniter\Database\MySQLi\Connection->execute('select * from user')
 2 SYSTEMPATH/Database/BaseConnection.php(652): CodeIgniter\Database\BaseConnection->simpleQuery('select * from user')
 3 APPPATH/Models/Modelo.php(38): CodeIgniter\Database\BaseConnection->query('select * from user')
 4 APPPATH/Controllers/Home.php(97): App\Models\Modelo->mostrarusuario()
 5 SYSTEMPATH/CodeIgniter.php(933): App\Controllers\Home->mostrarusuarios()
 6 SYSTEMPATH/CodeIgniter.php(507): CodeIgniter\CodeIgniter->runController(Object(App\Controllers\Home))
 7 SYSTEMPATH/CodeIgniter.php(354): CodeIgniter\CodeIgniter->handleRequest(null, Object(Config\Cache), false)
 8 SYSTEMPATH/Boot.php(334): CodeIgniter\CodeIgniter->run()
 9 SYSTEMPATH/Boot.php(67): CodeIgniter\Boot::runCodeIgniter(Object(CodeIgniter\CodeIgniter))
10 FCPATH/index.php(56): CodeIgniter\Boot::bootWeb(Object(Config\Paths))
CRITICAL - 2025-04-16 00:36:24 --> [Caused by] mysqli_sql_exception: Table 'bd2025.user' doesn't exist
in SYSTEMPATH/Database/MySQLi/Connection.php on line 327.
 1 SYSTEMPATH/Database/MySQLi/Connection.php(327): mysqli->query('select * from user', 0)
 2 SYSTEMPATH/Database/BaseConnection.php(738): CodeIgniter\Database\MySQLi\Connection->execute('select * from user')
 3 SYSTEMPATH/Database/BaseConnection.php(652): CodeIgniter\Database\BaseConnection->simpleQuery('select * from user')
 4 APPPATH/Models/Modelo.php(38): CodeIgniter\Database\BaseConnection->query('select * from user')
 5 APPPATH/Controllers/Home.php(97): App\Models\Modelo->mostrarusuario()
 6 SYSTEMPATH/CodeIgniter.php(933): App\Controllers\Home->mostrarusuarios()
 7 SYSTEMPATH/CodeIgniter.php(507): CodeIgniter\CodeIgniter->runController(Object(App\Controllers\Home))
 8 SYSTEMPATH/CodeIgniter.php(354): CodeIgniter\CodeIgniter->handleRequest(null, Object(Config\Cache), false)
 9 SYSTEMPATH/Boot.php(334): CodeIgniter\CodeIgniter->run()
10 SYSTEMPATH/Boot.php(67): CodeIgniter\Boot::runCodeIgniter(Object(CodeIgniter\CodeIgniter))
11 FCPATH/index.php(56): CodeIgniter\Boot::bootWeb(Object(Config\Paths))
ERROR - 2025-04-16 00:37:09 --> mysqli_sql_exception: Table 'bd2025.user' doesn't exist in /Applications/MAMP/htdocs/crud2025/system/Database/MySQLi/Connection.php:327
Stack trace:
#0 /Applications/MAMP/htdocs/crud2025/system/Database/MySQLi/Connection.php(327): mysqli->query('select * from u...', 0)
#1 /Applications/MAMP/htdocs/crud2025/system/Database/BaseConnection.php(738): CodeIgniter\Database\MySQLi\Connection->execute('select * from u...')
#2 /Applications/MAMP/htdocs/crud2025/system/Database/BaseConnection.php(652): CodeIgniter\Database\BaseConnection->simpleQuery('select * from u...')
#3 /Applications/MAMP/htdocs/crud2025/app/Models/Modelo.php(38): CodeIgniter\Database\BaseConnection->query('select * from u...')
#4 /Applications/MAMP/htdocs/crud2025/app/Controllers/Home.php(97): App\Models\Modelo->mostrarusuario()
#5 /Applications/MAMP/htdocs/crud2025/system/CodeIgniter.php(933): App\Controllers\Home->mostraruser()
#6 /Applications/MAMP/htdocs/crud2025/system/CodeIgniter.php(507): CodeIgniter\CodeIgniter->runController(Object(App\Controllers\Home))
#7 /Applications/MAMP/htdocs/crud2025/system/CodeIgniter.php(354): CodeIgniter\CodeIgniter->handleRequest(NULL, Object(Config\Cache), false)
#8 /Applications/MAMP/htdocs/crud2025/system/Boot.php(334): CodeIgniter\CodeIgniter->run()
#9 /Applications/MAMP/htdocs/crud2025/system/Boot.php(67): CodeIgniter\Boot::runCodeIgniter(Object(CodeIgniter\CodeIgniter))
#10 /Applications/MAMP/htdocs/crud2025/index.php(56): CodeIgniter\Boot::bootWeb(Object(Config\Paths))
#11 {main}
CRITICAL - 2025-04-16 00:37:09 --> CodeIgniter\Database\Exceptions\DatabaseException: Table 'bd2025.user' doesn't exist
[Method: GET, Route: mostraruser]
in SYSTEMPATH/Database/BaseConnection.php on line 692.
 1 APPPATH/Models/Modelo.php(38): CodeIgniter\Database\BaseConnection->query('select * from user')
 2 APPPATH/Controllers/Home.php(97): App\Models\Modelo->mostrarusuario()
 3 SYSTEMPATH/CodeIgniter.php(933): App\Controllers\Home->mostraruser()
 4 SYSTEMPATH/CodeIgniter.php(507): CodeIgniter\CodeIgniter->runController(Object(App\Controllers\Home))
 5 SYSTEMPATH/CodeIgniter.php(354): CodeIgniter\CodeIgniter->handleRequest(null, Object(Config\Cache), false)
 6 SYSTEMPATH/Boot.php(334): CodeIgniter\CodeIgniter->run()
 7 SYSTEMPATH/Boot.php(67): CodeIgniter\Boot::runCodeIgniter(Object(CodeIgniter\CodeIgniter))
 8 FCPATH/index.php(56): CodeIgniter\Boot::bootWeb(Object(Config\Paths))
CRITICAL - 2025-04-16 00:37:09 --> [Caused by] CodeIgniter\Database\Exceptions\DatabaseException: Table 'bd2025.user' doesn't exist
in SYSTEMPATH/Database/MySQLi/Connection.php on line 332.
 1 SYSTEMPATH/Database/BaseConnection.php(738): CodeIgniter\Database\MySQLi\Connection->execute('select * from user')
 2 SYSTEMPATH/Database/BaseConnection.php(652): CodeIgniter\Database\BaseConnection->simpleQuery('select * from user')
 3 APPPATH/Models/Modelo.php(38): CodeIgniter\Database\BaseConnection->query('select * from user')
 4 APPPATH/Controllers/Home.php(97): App\Models\Modelo->mostrarusuario()
 5 SYSTEMPATH/CodeIgniter.php(933): App\Controllers\Home->mostraruser()
 6 SYSTEMPATH/CodeIgniter.php(507): CodeIgniter\CodeIgniter->runController(Object(App\Controllers\Home))
 7 SYSTEMPATH/CodeIgniter.php(354): CodeIgniter\CodeIgniter->handleRequest(null, Object(Config\Cache), false)
 8 SYSTEMPATH/Boot.php(334): CodeIgniter\CodeIgniter->run()
 9 SYSTEMPATH/Boot.php(67): CodeIgniter\Boot::runCodeIgniter(Object(CodeIgniter\CodeIgniter))
10 FCPATH/index.php(56): CodeIgniter\Boot::bootWeb(Object(Config\Paths))
CRITICAL - 2025-04-16 00:37:09 --> [Caused by] mysqli_sql_exception: Table 'bd2025.user' doesn't exist
in SYSTEMPATH/Database/MySQLi/Connection.php on line 327.
 1 SYSTEMPATH/Database/MySQLi/Connection.php(327): mysqli->query('select * from user', 0)
 2 SYSTEMPATH/Database/BaseConnection.php(738): CodeIgniter\Database\MySQLi\Connection->execute('select * from user')
 3 SYSTEMPATH/Database/BaseConnection.php(652): CodeIgniter\Database\BaseConnection->simpleQuery('select * from user')
 4 APPPATH/Models/Modelo.php(38): CodeIgniter\Database\BaseConnection->query('select * from user')
 5 APPPATH/Controllers/Home.php(97): App\Models\Modelo->mostrarusuario()
 6 SYSTEMPATH/CodeIgniter.php(933): App\Controllers\Home->mostraruser()
 7 SYSTEMPATH/CodeIgniter.php(507): CodeIgniter\CodeIgniter->runController(Object(App\Controllers\Home))
 8 SYSTEMPATH/CodeIgniter.php(354): CodeIgniter\CodeIgniter->handleRequest(null, Object(Config\Cache), false)
 9 SYSTEMPATH/Boot.php(334): CodeIgniter\CodeIgniter->run()
10 SYSTEMPATH/Boot.php(67): CodeIgniter\Boot::runCodeIgniter(Object(CodeIgniter\CodeIgniter))
11 FCPATH/index.php(56): CodeIgniter\Boot::bootWeb(Object(Config\Paths))
ERROR - 2025-04-16 00:41:14 --> mysqli_sql_exception: Table 'bd2025.user' doesn't exist in /Applications/MAMP/htdocs/crud2025/system/Database/MySQLi/Connection.php:327
Stack trace:
#0 /Applications/MAMP/htdocs/crud2025/system/Database/MySQLi/Connection.php(327): mysqli->query('select * from u...', 0)
#1 /Applications/MAMP/htdocs/crud2025/system/Database/BaseConnection.php(738): CodeIgniter\Database\MySQLi\Connection->execute('select * from u...')
#2 /Applications/MAMP/htdocs/crud2025/system/Database/BaseConnection.php(652): CodeIgniter\Database\BaseConnection->simpleQuery('select * from u...')
#3 /Applications/MAMP/htdocs/crud2025/app/Models/Modelo.php(38): CodeIgniter\Database\BaseConnection->query('select * from u...')
#4 /Applications/MAMP/htdocs/crud2025/app/Controllers/Home.php(97): App\Models\Modelo->mostrarusuario()
#5 /Applications/MAMP/htdocs/crud2025/system/CodeIgniter.php(933): App\Controllers\Home->mostraruser()
#6 /Applications/MAMP/htdocs/crud2025/system/CodeIgniter.php(507): CodeIgniter\CodeIgniter->runController(Object(App\Controllers\Home))
#7 /Applications/MAMP/htdocs/crud2025/system/CodeIgniter.php(354): CodeIgniter\CodeIgniter->handleRequest(NULL, Object(Config\Cache), false)
#8 /Applications/MAMP/htdocs/crud2025/system/Boot.php(334): CodeIgniter\CodeIgniter->run()
#9 /Applications/MAMP/htdocs/crud2025/system/Boot.php(67): CodeIgniter\Boot::runCodeIgniter(Object(CodeIgniter\CodeIgniter))
#10 /Applications/MAMP/htdocs/crud2025/index.php(56): CodeIgniter\Boot::bootWeb(Object(Config\Paths))
#11 {main}
CRITICAL - 2025-04-16 00:41:14 --> CodeIgniter\Database\Exceptions\DatabaseException: Table 'bd2025.user' doesn't exist
[Method: GET, Route: mostraruser]
in SYSTEMPATH/Database/BaseConnection.php on line 692.
 1 APPPATH/Models/Modelo.php(38): CodeIgniter\Database\BaseConnection->query('select * from user')
 2 APPPATH/Controllers/Home.php(97): App\Models\Modelo->mostrarusuario()
 3 SYSTEMPATH/CodeIgniter.php(933): App\Controllers\Home->mostraruser()
 4 SYSTEMPATH/CodeIgniter.php(507): CodeIgniter\CodeIgniter->runController(Object(App\Controllers\Home))
 5 SYSTEMPATH/CodeIgniter.php(354): CodeIgniter\CodeIgniter->handleRequest(null, Object(Config\Cache), false)
 6 SYSTEMPATH/Boot.php(334): CodeIgniter\CodeIgniter->run()
 7 SYSTEMPATH/Boot.php(67): CodeIgniter\Boot::runCodeIgniter(Object(CodeIgniter\CodeIgniter))
 8 FCPATH/index.php(56): CodeIgniter\Boot::bootWeb(Object(Config\Paths))
CRITICAL - 2025-04-16 00:41:14 --> [Caused by] CodeIgniter\Database\Exceptions\DatabaseException: Table 'bd2025.user' doesn't exist
in SYSTEMPATH/Database/MySQLi/Connection.php on line 332.
 1 SYSTEMPATH/Database/BaseConnection.php(738): CodeIgniter\Database\MySQLi\Connection->execute('select * from user')
 2 SYSTEMPATH/Database/BaseConnection.php(652): CodeIgniter\Database\BaseConnection->simpleQuery('select * from user')
 3 APPPATH/Models/Modelo.php(38): CodeIgniter\Database\BaseConnection->query('select * from user')
 4 APPPATH/Controllers/Home.php(97): App\Models\Modelo->mostrarusuario()
 5 SYSTEMPATH/CodeIgniter.php(933): App\Controllers\Home->mostraruser()
 6 SYSTEMPATH/CodeIgniter.php(507): CodeIgniter\CodeIgniter->runController(Object(App\Controllers\Home))
 7 SYSTEMPATH/CodeIgniter.php(354): CodeIgniter\CodeIgniter->handleRequest(null, Object(Config\Cache), false)
 8 SYSTEMPATH/Boot.php(334): CodeIgniter\CodeIgniter->run()
 9 SYSTEMPATH/Boot.php(67): CodeIgniter\Boot::runCodeIgniter(Object(CodeIgniter\CodeIgniter))
10 FCPATH/index.php(56): CodeIgniter\Boot::bootWeb(Object(Config\Paths))
CRITICAL - 2025-04-16 00:41:14 --> [Caused by] mysqli_sql_exception: Table 'bd2025.user' doesn't exist
in SYSTEMPATH/Database/MySQLi/Connection.php on line 327.
 1 SYSTEMPATH/Database/MySQLi/Connection.php(327): mysqli->query('select * from user', 0)
 2 SYSTEMPATH/Database/BaseConnection.php(738): CodeIgniter\Database\MySQLi\Connection->execute('select * from user')
 3 SYSTEMPATH/Database/BaseConnection.php(652): CodeIgniter\Database\BaseConnection->simpleQuery('select * from user')
 4 APPPATH/Models/Modelo.php(38): CodeIgniter\Database\BaseConnection->query('select * from user')
 5 APPPATH/Controllers/Home.php(97): App\Models\Modelo->mostrarusuario()
 6 SYSTEMPATH/CodeIgniter.php(933): App\Controllers\Home->mostraruser()
 7 SYSTEMPATH/CodeIgniter.php(507): CodeIgniter\CodeIgniter->runController(Object(App\Controllers\Home))
 8 SYSTEMPATH/CodeIgniter.php(354): CodeIgniter\CodeIgniter->handleRequest(null, Object(Config\Cache), false)
 9 SYSTEMPATH/Boot.php(334): CodeIgniter\CodeIgniter->run()
10 SYSTEMPATH/Boot.php(67): CodeIgniter\Boot::runCodeIgniter(Object(CodeIgniter\CodeIgniter))
11 FCPATH/index.php(56): CodeIgniter\Boot::bootWeb(Object(Config\Paths))
